<?xml version="1.0" encoding="UTF-8"?>
<!-- Generated by org.testng.reporters.JUnitXMLReporter -->
<testsuite ignored="0" hostname="LAPTOP-IO7O6G3K" failures="0" tests="5" name="Test" time="13.351" errors="0" timestamp="2024-03-12T19:35:44 IST">
  <testcase classname="test.SwagLabLoginTest" name="@BeforeMethod OpenBrowser" time="12.954">
    <failure type="io.github.bonigarcia.wdm.config.WebDriverManagerException" message="java.net.UnknownHostException: storage.googleapis.com">
      <![CDATA[io.github.bonigarcia.wdm.config.WebDriverManagerException: java.net.UnknownHostException: storage.googleapis.com
at io.github.bonigarcia.wdm.WebDriverManager.handleException(WebDriverManager.java:1414)
at io.github.bonigarcia.wdm.WebDriverManager.manage(WebDriverManager.java:1189)
at io.github.bonigarcia.wdm.WebDriverManager.fallback(WebDriverManager.java:1430)
at io.github.bonigarcia.wdm.WebDriverManager.handleException(WebDriverManager.java:1408)
at io.github.bonigarcia.wdm.WebDriverManager.manage(WebDriverManager.java:1189)
at io.github.bonigarcia.wdm.WebDriverManager.setup(WebDriverManager.java:426)
at pojo.Browser.chrome(Browser.java:13)
at test.SwagLabLoginTest.OpenBrowser(SwagLabLoginTest.java:39)
at java.base/java.util.ArrayList.forEach(ArrayList.java:1511)
Caused by: java.net.UnknownHostException: storage.googleapis.com
at java.base/java.net.InetAddress$CachedAddresses.get(InetAddress.java:801)
at java.base/java.net.InetAddress.getAllByName0(InetAddress.java:1509)
at java.base/java.net.InetAddress.getAllByName(InetAddress.java:1367)
at java.base/java.net.InetAddress.getAllByName(InetAddress.java:1301)
at org.apache.hc.client5.http.SystemDefaultDnsResolver.resolve(SystemDefaultDnsResolver.java:43)
at org.apache.hc.client5.http.impl.io.DefaultHttpClientConnectionOperator.connect(DefaultHttpClientConnectionOperator.java:141)
at org.apache.hc.client5.http.impl.io.PoolingHttpClientConnectionManager.connect(PoolingHttpClientConnectionManager.java:447)
at org.apache.hc.client5.http.impl.classic.InternalExecRuntime.connectEndpoint(InternalExecRuntime.java:162)
at org.apache.hc.client5.http.impl.classic.InternalExecRuntime.connectEndpoint(InternalExecRuntime.java:172)
at org.apache.hc.client5.http.impl.classic.ConnectExec.execute(ConnectExec.java:142)
at org.apache.hc.client5.http.impl.classic.ExecChainElement.execute(ExecChainElement.java:51)
at org.apache.hc.client5.http.impl.classic.ProtocolExec.execute(ProtocolExec.java:192)
at org.apache.hc.client5.http.impl.classic.ExecChainElement.execute(ExecChainElement.java:51)
at org.apache.hc.client5.http.impl.classic.HttpRequestRetryExec.execute(HttpRequestRetryExec.java:96)
at org.apache.hc.client5.http.impl.classic.ExecChainElement.execute(ExecChainElement.java:51)
at org.apache.hc.client5.http.impl.classic.ContentCompressionExec.execute(ContentCompressionExec.java:152)
at org.apache.hc.client5.http.impl.classic.ExecChainElement.execute(ExecChainElement.java:51)
at org.apache.hc.client5.http.impl.classic.RedirectExec.execute(RedirectExec.java:115)
at org.apache.hc.client5.http.impl.classic.ExecChainElement.execute(ExecChainElement.java:51)
at org.apache.hc.client5.http.impl.classic.InternalHttpClient.doExecute(InternalHttpClient.java:170)
at org.apache.hc.client5.http.impl.classic.CloseableHttpClient.execute(CloseableHttpClient.java:87)
at org.apache.hc.client5.http.impl.classic.CloseableHttpClient.execute(CloseableHttpClient.java:55)
at org.apache.hc.client5.http.classic.HttpClient.executeOpen(HttpClient.java:183)
at io.github.bonigarcia.wdm.online.HttpClient.execute(HttpClient.java:157)
at io.github.bonigarcia.wdm.online.Downloader.downloadAndExtract(Downloader.java:140)
at io.github.bonigarcia.wdm.online.Downloader.download(Downloader.java:92)
at io.github.bonigarcia.wdm.WebDriverManager.download(WebDriverManager.java:1272)
at io.github.bonigarcia.wdm.WebDriverManager.manage(WebDriverManager.java:1183)
... 38 more
... Removed 31 stack frames]]>
    </failure>
  </testcase> <!-- @BeforeMethod OpenBrowser -->
  <testcase classname="test.SwagLabLoginTest" name="@AfterMethod closeBrowser" time="0.0">
    <skipped/>
  </testcase> <!-- @AfterMethod closeBrowser -->
  <testcase classname="test.SwagLabLoginTest" name="@BeforeMethod OpenBrowser" time="0.0">
    <skipped/>
  </testcase> <!-- @BeforeMethod OpenBrowser -->
  <testcase classname="test.SwagLabLoginTest" name="@AfterMethod closeBrowser" time="0.0">
    <skipped/>
  </testcase> <!-- @AfterMethod closeBrowser -->
  <testcase classname="test.SwagLabLoginTest" name="@BeforeMethod OpenBrowser" time="0.0">
    <skipped/>
  </testcase> <!-- @BeforeMethod OpenBrowser -->
  <testcase classname="test.SwagLabLoginTest" name="@AfterMethod closeBrowser" time="0.0">
    <skipped/>
  </testcase> <!-- @AfterMethod closeBrowser -->
  <testcase classname="test.SwagLabLoginTest" name="@BeforeMethod OpenBrowser" time="0.0">
    <skipped/>
  </testcase> <!-- @BeforeMethod OpenBrowser -->
  <testcase classname="test.SwagLabLoginTest" name="@AfterMethod closeBrowser" time="0.0">
    <skipped/>
  </testcase> <!-- @AfterMethod closeBrowser -->
  <testcase classname="test.SwagLabLoginTest" name="@AfterTest publishReports" time="0.0">
    <skipped/>
  </testcase> <!-- @AfterTest publishReports -->
  <testcase classname="test.SwagLabLoginTest" name="loginWithProblemUser" time="0.001">
    <skipped/>
  </testcase> <!-- loginWithProblemUser -->
  <testcase classname="test.SwagLabLoginTest" name="loginWithValidCredentials" time="0.0">
    <skipped/>
  </testcase> <!-- loginWithValidCredentials -->
  <testcase classname="test.SwagLabLoginTest" name="sample" time="0.001">
    <skipped/>
  </testcase> <!-- sample -->
  <testcase classname="test.SwagLabLoginTest" name="loginWithPerformanceGlitchUser" time="0.0">
    <skipped/>
  </testcase> <!-- loginWithPerformanceGlitchUser -->
  <testcase classname="test.SwagLabLoginTest" name="loginWithLockedOutUser" time="0.0">
    <skipped/>
  </testcase> <!-- loginWithLockedOutUser -->
</testsuite> <!-- Test -->
